<?xml version="1.0" encoding="UTF-8"?>
<testsuites name="Demo Test Suite 1" time="27.337" tests="1" failures="0" errors="0">
   <testsuite name="Demo Test Suite 1" tests="1" failures="0" errors="0" time="27.337" skipped="0" timestamp="2026-02-17T16:59:32.523Z" hostname="kevin.jackey - 192.168.1.222" id="Test Suites/Demo/Demo Test Suite 1">
      <properties>
         <property name="deviceName" value=""/>
         <property name="devicePlatform"/>
         <property name="logFolder" value="/Users/kevin.jackey/git/Katalian_Banking_2.0_KJ/Reports/20260217_115927/Demo/Demo Test Suite 1/20260217_115927"/>
         <property name="logFiles" value="/Users/kevin.jackey/git/Katalian_Banking_2.0_KJ/Reports/20260217_115927/Demo/Demo Test Suite 1/20260217_115927/execution0.log, /Users/kevin.jackey/git/Katalian_Banking_2.0_KJ/Reports/20260217_115927/Demo/Demo Test Suite 1/20260217_115927/console0.log"/>
         <property name="attachments" value=""/>
         <property name="executionBindingVariables" value="[&#xa;  {&#xa;    &quot;value&quot;: &quot;bankinguser123&quot;,&#xa;    &quot;isDefault&quot;: true,&#xa;    &quot;name&quot;: &quot;username&quot;,&#xa;    &quot;masked&quot;: false&#xa;  },&#xa;  {&#xa;    &quot;value&quot;: &quot;notapassword@123&quot;,&#xa;    &quot;isDefault&quot;: true,&#xa;    &quot;name&quot;: &quot;password&quot;,&#xa;    &quot;masked&quot;: false&#xa;  }&#xa;]"/>
         <property name="hostName" value="kevin.jackey - 192.168.1.222"/>
         <property name="os" value="Mac OS X 64bit"/>
         <property name="katalonVersion" value="11.0.0.0"/>
         <property name="browser" value="Chrome 145.0.7632.76"/>
         <property name="userFullName" value="Kevin Jackey"/>
         <property name="hostAddress" value="192.168.1.222"/>
         <property name="sessionId" value="b0f0b2a4d40c299706201fd3716e577e"/>
         <property name="projectName" value="TrueTestGen4Project"/>
         <property name="seleniumVersion" value="4.39.0"/>
         <property name="proxyInformation" value="ProxyInformation { proxyOption=NO_PROXY, proxyServerType=HTTP, username=, password=********, proxyServerAddress=, proxyServerPort=0, executionList=&quot;&quot;, isApplyToDesiredCapabilities=true }"/>
         <property name="platform" value="Mac OS X"/>
      </properties>
      <testcase name="Test Cases/Self Healing_Data Binding Demonstration/Login - Working Script" time="26.845" classname="6f0a9d20-9c2f-4e63-805a-4827735b27a4" status="PASSED">
         <properties>
            <property name="data_binding"><![CDATA[{"(Default) usern...":"bankinguser123","(Default) passw...":"notapassword@123"}]]></property>
         </properties>
         <system-out><![CDATA[17-02-2026T11:59:33 - [TEST_CASE][PASSED] - Test Cases/Self Healing_Data Binding Demonstration/Login - Working Script: Test Cases/Self Healing_Data Binding Demonstration/Login - Working Script

17-02-2026T11:59:33 - [TEST_STEP][PASSED] - openBrowser(application_domain): Browser is opened with url: 'null'

17-02-2026T11:59:33 - [MESSAGE][INFO] - Starting 'Chrome' driver

17-02-2026T11:59:33 - [MESSAGE][INFO] - Action delay is set to 0 milliseconds

17-02-2026T11:59:43 - [MESSAGE][PASSED] - Browser is opened with url: 'null'

17-02-2026T11:59:43 - [TEST_STEP][PASSED] - navigateToUrl("https://katalian-banking.vercel.app/login"): Navigate to 'https://katalian-banking.vercel.app/login' successfully

17-02-2026T11:59:50 - [MESSAGE][PASSED] - Navigate to 'https://katalian-banking.vercel.app/login' successfully

17-02-2026T11:59:50 - [TEST_STEP][PASSED] - setText(findTestObject("Self-Healing Objects/Page_Katalian Bank  Private Wealth Management/input_username"), "bankinguser123"): Text 'bankinguser123' is set on object 'Object Repository/Self-Healing Objects/Page_Katalian Bank  Private Wealth Management/input_username'

17-02-2026T11:59:55 - [MESSAGE][PASSED] - Text 'bankinguser123' is set on object 'Object Repository/Self-Healing Objects/Page_Katalian Bank  Private Wealth Management/input_username'

17-02-2026T11:59:55 - [TEST_STEP][PASSED] - setEncryptedText(findTestObject("Self-Healing Objects/Page_Katalian Bank  Private Wealth Management/input_password"), "CS9RmWxFPRFoMJc95WUBEN4WG8mxfTJo"): Text ****** has been set on object 'Object Repository/Self-Healing Objects/Page_Katalian Bank  Private Wealth Management/input_password'

17-02-2026T11:59:56 - [MESSAGE][PASSED] - Text ****** has been set on object 'Object Repository/Self-Healing Objects/Page_Katalian Bank  Private Wealth Management/input_password'

17-02-2026T11:59:56 - [TEST_STEP][PASSED] - click(findTestObject("Self-Healing Objects/Page_Katalian Bank  Private Wealth Management/button_Enter Vault Access")): Object: 'Object Repository/Self-Healing Objects/Page_Katalian Bank  Private Wealth Management/button_Enter Vault Access' is clicked on

17-02-2026T11:59:59 - [MESSAGE][PASSED] - Object: 'Object Repository/Self-Healing Objects/Page_Katalian Bank  Private Wealth Management/button_Enter Vault Access' is clicked on

17-02-2026T11:59:59 - [TEST_STEP][PASSED] - closeBrowser(): Browser is closed

17-02-2026T11:59:59 - [MESSAGE][PASSED] - Browser is closed]]></system-out>
         <system-err><![CDATA[]]></system-err>
      </testcase>
      <system-out><![CDATA[17-02-2026T11:59:32 - [TEST_SUITE][PASSED] - Demo Test Suite 1: null]]></system-out>
      <system-err><![CDATA[]]></system-err>
   </testsuite>
</testsuites>
