<?xml version="1.0" encoding="UTF-8"?>
<testsuites name="Demo Test Suite 1" time="7.175" tests="2" failures="0" errors="0">
   <testsuite name="Demo Test Suite 1" tests="2" failures="0" errors="0" time="7.175" skipped="0" timestamp="2026-03-09T17:09:30.926Z" hostname="kevin.jackey - 192.168.1.222" id="Test Suites/Demo/Demo Test Suite 1">
      <properties>
         <property name="deviceName" value=""/>
         <property name="devicePlatform"/>
         <property name="logFolder" value="/Users/kevin.jackey/git/Katalian_Banking_2.0_KJ/Reports/20260309_130928/Demo/Demo Test Suite 1/20260309_130928"/>
         <property name="logFiles" value="/Users/kevin.jackey/git/Katalian_Banking_2.0_KJ/Reports/20260309_130928/Demo/Demo Test Suite 1/20260309_130928/execution0.log, /Users/kevin.jackey/git/Katalian_Banking_2.0_KJ/Reports/20260309_130928/Demo/Demo Test Suite 1/20260309_130928/console0.log"/>
         <property name="attachments" value=""/>
         <property name="executionBindingVariables" value="[&#xa;  {&#xa;    &quot;value&quot;: &quot;lockedout25&quot;,&#xa;    &quot;isDefault&quot;: false,&#xa;    &quot;name&quot;: &quot;username&quot;,&#xa;    &quot;masked&quot;: false&#xa;  },&#xa;  {&#xa;    &quot;value&quot;: &quot;resetpassword@45&quot;,&#xa;    &quot;isDefault&quot;: false,&#xa;    &quot;name&quot;: &quot;password&quot;,&#xa;    &quot;masked&quot;: false&#xa;  }&#xa;]"/>
         <property name="hostName" value="kevin.jackey - 192.168.1.222"/>
         <property name="os" value="Mac OS X 64bit"/>
         <property name="katalonVersion" value="11.0.1.0"/>
         <property name="browser" value="Chrome 145.0.7632.160"/>
         <property name="userFullName" value="Kevin Jackey"/>
         <property name="hostAddress" value="192.168.1.222"/>
         <property name="sessionId" value="c57cd399f0bde7d22f4f6d1c070d02b3"/>
         <property name="projectName" value="TrueTestGen4Project"/>
         <property name="seleniumVersion" value="4.39.0"/>
         <property name="proxyInformation" value="ProxyInformation { proxyOption=NO_PROXY, proxyServerType=HTTP, username=, password=********, proxyServerAddress=, proxyServerPort=0, executionList=&quot;&quot;, isApplyToDesiredCapabilities=true }"/>
         <property name="platform" value="Mac OS X"/>
      </properties>
      <testcase name="Test Cases/Self Healing_Data Binding Demonstration/Login - Working Script" time="4.171" classname="Test Cases/Self Healing_Data Binding Demonstration/Login - Working Script" status="PASSED">
         <properties>
            <property name="data_binding"><![CDATA[{"password":"notapassword@123","username":"bankinguser123"}]]></property>
         </properties>
         <system-out><![CDATA[09-03-2026T13:09:30 - [TEST_CASE][PASSED] - Test Cases/Self Healing_Data Binding Demonstration/Login - Working Script: Test Cases/Self Healing_Data Binding Demonstration/Login - Working Script

09-03-2026T13:09:30 - [TEST_STEP][PASSED] - openBrowser(application_domain): Browser is opened with url: 'null'

09-03-2026T13:09:31 - [MESSAGE][INFO] - Starting 'Chrome' driver

09-03-2026T13:09:31 - [MESSAGE][INFO] - Action delay is set to 0 milliseconds

09-03-2026T13:09:33 - [MESSAGE][PASSED] - Browser is opened with url: 'null'

09-03-2026T13:09:33 - [TEST_STEP][PASSED] - navigateToUrl("https://katalian-banking.vercel.app/login"): Navigate to 'https://katalian-banking.vercel.app/login' successfully

09-03-2026T13:09:33 - [MESSAGE][PASSED] - Navigate to 'https://katalian-banking.vercel.app/login' successfully

09-03-2026T13:09:33 - [TEST_STEP][PASSED] - setText(findTestObject("Self-Healing Objects/Page_Katalian Bank  Private Wealth Management/input_username"), "bankinguser123"): Text 'bankinguser123' is set on object 'Object Repository/Self-Healing Objects/Page_Katalian Bank  Private Wealth Management/input_username'

09-03-2026T13:09:34 - [MESSAGE][PASSED] - Text 'bankinguser123' is set on object 'Object Repository/Self-Healing Objects/Page_Katalian Bank  Private Wealth Management/input_username'

09-03-2026T13:09:34 - [TEST_STEP][PASSED] - setEncryptedText(findTestObject("Self-Healing Objects/Page_Katalian Bank  Private Wealth Management/input_password"), "CS9RmWxFPRFoMJc95WUBEN4WG8mxfTJo"): Text ****** has been set on object 'Object Repository/Self-Healing Objects/Page_Katalian Bank  Private Wealth Management/input_password'

09-03-2026T13:09:34 - [MESSAGE][PASSED] - Text ****** has been set on object 'Object Repository/Self-Healing Objects/Page_Katalian Bank  Private Wealth Management/input_password'

09-03-2026T13:09:34 - [TEST_STEP][PASSED] - click(findTestObject("Self-Healing Objects/Page_Katalian Bank  Private Wealth Management/button_Enter Vault Access")): Object: 'Object Repository/Self-Healing Objects/Page_Katalian Bank  Private Wealth Management/button_Enter Vault Access' is clicked on

09-03-2026T13:09:35 - [MESSAGE][PASSED] - Object: 'Object Repository/Self-Healing Objects/Page_Katalian Bank  Private Wealth Management/button_Enter Vault Access' is clicked on

09-03-2026T13:09:35 - [TEST_STEP][PASSED] - closeBrowser(): Browser is closed

09-03-2026T13:09:35 - [MESSAGE][PASSED] - Browser is closed

09-03-2026T13:09:35 - [TEST_STEP][PASSED] - Start listener action : closeAppOnFailure: Test passed — skipping web browser teardown in listener.

09-03-2026T13:09:35 - [TEST_STEP][PASSED] - status = testCaseContext.getTestCaseStatus(): null

09-03-2026T13:09:35 - [TEST_STEP][PASSED] - if (status == "FAILED" || status == "ERROR"): null

09-03-2026T13:09:35 - [TEST_STEP][PASSED] - else: Test passed — skipping web browser teardown in listener.

09-03-2026T13:09:35 - [TEST_STEP][PASSED] - logInfo("Test passed — skipping web browser teardown in listener."): Test passed — skipping web browser teardown in listener.

09-03-2026T13:09:35 - [MESSAGE][INFO] - Test passed — skipping web browser teardown in listener.]]></system-out>
         <system-err><![CDATA[]]></system-err>
      </testcase>
      <testcase name="Test Cases/Self Healing_Data Binding Demonstration/Login - Working Script" time="2.953" classname="Test Cases/Self Healing_Data Binding Demonstration/Login - Working Script" status="PASSED">
         <properties>
            <property name="data_binding"><![CDATA[{"password":"resetpassword@45","username":"lockedout25"}]]></property>
         </properties>
         <system-out><![CDATA[09-03-2026T13:09:35 - [TEST_CASE][PASSED] - Test Cases/Self Healing_Data Binding Demonstration/Login - Working Script: Test Cases/Self Healing_Data Binding Demonstration/Login - Working Script

09-03-2026T13:09:35 - [TEST_STEP][PASSED] - openBrowser(application_domain): Browser is opened with url: 'null'

09-03-2026T13:09:35 - [MESSAGE][INFO] - Starting 'Chrome' driver

09-03-2026T13:09:35 - [MESSAGE][INFO] - Action delay is set to 0 milliseconds

09-03-2026T13:09:36 - [MESSAGE][PASSED] - Browser is opened with url: 'null'

09-03-2026T13:09:36 - [TEST_STEP][PASSED] - navigateToUrl("https://katalian-banking.vercel.app/login"): Navigate to 'https://katalian-banking.vercel.app/login' successfully

09-03-2026T13:09:36 - [MESSAGE][PASSED] - Navigate to 'https://katalian-banking.vercel.app/login' successfully

09-03-2026T13:09:36 - [TEST_STEP][PASSED] - setText(findTestObject("Self-Healing Objects/Page_Katalian Bank  Private Wealth Management/input_username"), "bankinguser123"): Text 'bankinguser123' is set on object 'Object Repository/Self-Healing Objects/Page_Katalian Bank  Private Wealth Management/input_username'

09-03-2026T13:09:37 - [MESSAGE][PASSED] - Text 'bankinguser123' is set on object 'Object Repository/Self-Healing Objects/Page_Katalian Bank  Private Wealth Management/input_username'

09-03-2026T13:09:37 - [TEST_STEP][PASSED] - setEncryptedText(findTestObject("Self-Healing Objects/Page_Katalian Bank  Private Wealth Management/input_password"), "CS9RmWxFPRFoMJc95WUBEN4WG8mxfTJo"): Text ****** has been set on object 'Object Repository/Self-Healing Objects/Page_Katalian Bank  Private Wealth Management/input_password'

09-03-2026T13:09:37 - [MESSAGE][PASSED] - Text ****** has been set on object 'Object Repository/Self-Healing Objects/Page_Katalian Bank  Private Wealth Management/input_password'

09-03-2026T13:09:37 - [TEST_STEP][PASSED] - click(findTestObject("Self-Healing Objects/Page_Katalian Bank  Private Wealth Management/button_Enter Vault Access")): Object: 'Object Repository/Self-Healing Objects/Page_Katalian Bank  Private Wealth Management/button_Enter Vault Access' is clicked on

09-03-2026T13:09:38 - [MESSAGE][PASSED] - Object: 'Object Repository/Self-Healing Objects/Page_Katalian Bank  Private Wealth Management/button_Enter Vault Access' is clicked on

09-03-2026T13:09:38 - [TEST_STEP][PASSED] - closeBrowser(): Browser is closed

09-03-2026T13:09:38 - [MESSAGE][PASSED] - Browser is closed

09-03-2026T13:09:38 - [TEST_STEP][PASSED] - Start listener action : closeAppOnFailure: Test passed — skipping web browser teardown in listener.

09-03-2026T13:09:38 - [TEST_STEP][PASSED] - status = testCaseContext.getTestCaseStatus(): null

09-03-2026T13:09:38 - [TEST_STEP][PASSED] - if (status == "FAILED" || status == "ERROR"): null

09-03-2026T13:09:38 - [TEST_STEP][PASSED] - else: Test passed — skipping web browser teardown in listener.

09-03-2026T13:09:38 - [TEST_STEP][PASSED] - logInfo("Test passed — skipping web browser teardown in listener."): Test passed — skipping web browser teardown in listener.

09-03-2026T13:09:38 - [MESSAGE][INFO] - Test passed — skipping web browser teardown in listener.]]></system-out>
         <system-err><![CDATA[]]></system-err>
      </testcase>
      <system-out><![CDATA[09-03-2026T13:09:30 - [TEST_SUITE][PASSED] - Demo Test Suite 1: null]]></system-out>
      <system-err><![CDATA[]]></system-err>
   </testsuite>
</testsuites>
