<?xml version="1.0" encoding="UTF-8"?>
<testsuites name="KB Mobile Recording" time="231.42" tests="1" passed="1" failures="0" errors="0" incompleted="0" skipped="0">
   <testsuite name="KB Mobile Recording" tests="1" passed="1" failures="0" errors="0" incompleted="0" skipped="0" time="231.42" timestamp="2026-07-30T20:26:45.748Z" hostname="kevin.jackey - 192.168.1.68" id="Test Suites/KB Mobile Recording" status="PASSED">
      <properties>
[...]
</properties>
      <testcase name="Test Cases/KB Mobile Recording" time="231.373" classname="Test Cases/KB Mobile Recording" status="PASSED">
         <system-out><![CDATA[30-07-2026T16:26:45 - [TEST_CASE][PASSED] - Test Cases/KB Mobile Recording: Test Cases/KB Mobile Recording

30-07-2026T16:26:45 - [TEST_STEP][PASSED] - Start listener action : sampleBeforeTestCase: null

30-07-2026T16:26:45 - [TEST_STEP][PASSED] - println(testCaseContext.getTestCaseId()): null

30-07-2026T16:26:45 - [TEST_STEP][PASSED] - println(testCaseContext.getTestCaseVariables()): null

30-07-2026T16:26:45 - [TEST_STEP][PASSED] - startApplication("965afb70-e115-4faf-81cf-572c75147350", true): Started application: '965afb70-e115-4faf-81cf-572c75147350'

30-07-2026T16:26:45 - [MESSAGE][INFO] - Overriding application: '965afb70-e115-4faf-81cf-572c75147350' by '965afb70-e115-4faf-81cf-572c75147350'

30-07-2026T16:26:45 - [MESSAGE][INFO] - Override application info: '{"id":"965afb70-e115-4faf-81cf-572c75147350","organizationId":"2154967","name":"Katalian Banking","platform":"ANDROID","status":"READY","size":17209977,"storagePath":"bbccbc42-cf1e-47a7-8ef5-19c030c911af","uploadedDate":"2026-07-30T19:01:02.642243","createdDate":"2026-07-30T19:01:02.642243","updatedDate":"2026-07-30T19:01:06.112526","fileName":"Katalian.Banking (1).apk","metadata":{"identifier":"com.katalon.katalianbanking","name":"Katalian Banking","version":"1.0","versionCode":"1"}}'

30-07-2026T16:26:45 - [MESSAGE][INFO] - Starting application: '965afb70-e115-4faf-81cf-572c75147350'

30-07-2026T16:30:25 - [MESSAGE][WARNING] - Unable to get appium status. Root cause (Cannot invoke "org.osgi.framework.Bundle.getBundleContext()" because the return value of "org.osgi.framework.FrameworkUtil.getBundle(java.lang.Class)" is null)

30-07-2026T16:30:25 - [MESSAGE][PASSED] - Started application: '965afb70-e115-4faf-81cf-572c75147350'

30-07-2026T16:30:25 - [TEST_STEP][PASSED] - setText(findTestObject("KB Mobile Recording/android.widget.EditText"), "bankinguser123", 60): Text 'bankinguser123' has been set to element 'Object Repository/KB Mobile Recording/android.widget.EditText'

30-07-2026T16:30:28 - [MESSAGE][PASSED] - Text 'bankinguser123' has been set to element 'Object Repository/KB Mobile Recording/android.widget.EditText'

30-07-2026T16:30:28 - [TEST_STEP][PASSED] - setText(findTestObject("KB Mobile Recording/android.widget.EditText (1)"), "notapassword@123", 60): Text 'notapassword@123' has been set to element 'Object Repository/KB Mobile Recording/android.widget.EditText (1)'

30-07-2026T16:30:30 - [MESSAGE][PASSED] - Text 'notapassword@123' has been set to element 'Object Repository/KB Mobile Recording/android.widget.EditText (1)'

30-07-2026T16:30:30 - [TEST_STEP][PASSED] - hideKeyboard(): Keyboard is hidden

30-07-2026T16:30:33 - [MESSAGE][PASSED] - Keyboard is hidden

30-07-2026T16:30:33 - [TEST_STEP][PASSED] - tap(findTestObject("KB Mobile Recording/android.widget.Button"), 60): Tapped on element 'Object Repository/KB Mobile Recording/android.widget.Button'

30-07-2026T16:30:35 - [MESSAGE][PASSED] - Tapped on element 'Object Repository/KB Mobile Recording/android.widget.Button'

30-07-2026T16:30:35 - [TEST_STEP][PASSED] - tap(findTestObject("KB Mobile Recording/android.widget.Button (1)"), 60): Tapped on element 'Object Repository/KB Mobile Recording/android.widget.Button (1)'

30-07-2026T16:30:36 - [MESSAGE][PASSED] - Tapped on element 'Object Repository/KB Mobile Recording/android.widget.Button (1)'

30-07-2026T16:30:36 - [TEST_STEP][PASSED] - closeApplication(): Close app successfully

30-07-2026T16:30:37 - [MESSAGE][PASSED] - Close app successfully

30-07-2026T16:30:37 - [TEST_STEP][PASSED] - Start listener action : sampleAfterTestCase: null

30-07-2026T16:30:37 - [TEST_STEP][PASSED] - println(testCaseContext.getTestCaseId()): null

30-07-2026T16:30:37 - [TEST_STEP][PASSED] - println(testCaseContext.getTestCaseStatus()): null]]></system-out>
         <system-err><![CDATA[]]></system-err>
      </testcase>
      <system-out><![CDATA[30-07-2026T16:26:45 - [TEST_STEP][PASSED] - Start listener action : sampleBeforeTestSuite: null

30-07-2026T16:26:45 - [TEST_STEP][PASSED] - println(testSuiteContext.getTestSuiteId()): null

30-07-2026T16:26:45 - [TEST_SUITE][PASSED] - KB Mobile Recording: null

30-07-2026T16:30:37 - [TEST_STEP][PASSED] - Start listener action : sampleAfterTestSuite: null

30-07-2026T16:30:37 - [TEST_STEP][PASSED] - println(testSuiteContext.getTestSuiteId()): null]]></system-out>
      <system-err><![CDATA[]]></system-err>
   </testsuite>
</testsuites>
