<?xml version="1.0" encoding="UTF-8"?>
<testsuites name="KPE - Automated Test Suite" time="22.174" tests="3" passed="2" failures="1" errors="0" incompleted="0" skipped="0">
   <testsuite name="KPE - Automated Test Suite" tests="3" passed="2" failures="1" errors="0" incompleted="0" skipped="0" time="22.174" timestamp="2026-07-23T17:40:46.433Z" hostname="kevin.jackey - 192.168.1.68" id="Test Suites/KPE-Automated/KPE - Automated Test Suite" status="FAILED">
      <properties>
         <property name="deviceName" value=""/>
         <property name="devicePlatform"/>
         <property name="logFolder" value="/Users/kevin.jackey/git/Katalian_Banking_2.0_KJ_Copilot/Reports/20260723_134042/KPE-Automated/KPE - Automated Test Suite/20260723_134042"/>
         <property name="logFiles" value="/Users/kevin.jackey/git/Katalian_Banking_2.0_KJ_Copilot/Reports/20260723_134042/KPE-Automated/KPE - Automated Test Suite/20260723_134042/execution0.log, /Users/kevin.jackey/git/Katalian_Banking_2.0_KJ_Copilot/Reports/20260723_134042/KPE-Automated/KPE - Automated Test Suite/20260723_134042/console0.log"/>
         <property name="attachments" value="/Users/kevin.jackey/git/Katalian_Banking_2.0_KJ_Copilot/Reports/20260723_134042/KPE-Automated/KPE - Automated Test Suite/20260723_134042/1784828454957.png"/>
         <property name="executionBindingVariables" value="[]"/>
         <property name="hostName" value="kevin.jackey - 192.168.1.68"/>
         <property name="os" value="Mac OS X 64bit"/>
         <property name="katalonVersion" value="11.3.0.0"/>
         <property name="browser" value="Chrome 150.0.7871.182"/>
         <property name="userFullName" value="Kevin Jackey"/>
         <property name="hostAddress" value="192.168.1.68"/>
         <property name="sessionId" value="d6191278ca48ed6392adc2a320002056"/>
         <property name="projectName" value="TrueTestGen4Project"/>
         <property name="seleniumVersion" value="4.39.0"/>
         <property name="proxyInformation" value="ProxyInformation { proxyOption=NO_PROXY, proxyServerType=HTTP, username=, password=********, proxyServerAddress=, proxyServerPort=0, executionList=&quot;&quot;, isApplyToDesiredCapabilities=true }"/>
         <property name="platform" value="Mac OS X"/>
      </properties>
      <testcase name="Test Cases/KPE-Automated/TC01 - Login with Valid Credentials" time="9.155" classname="Test Cases/KPE-Automated/TC01 - Login with Valid Credentials" status="FAILED" tag="GenAI">
         <properties>
            <property name="data_binding"><![CDATA[{"password":"********","username":"BankingUser123"}]]></property>
         </properties>
         <failure type="FAILED" message="Test Cases/KPE-Automated/TC01 - Login with Valid Credentials FAILED.&#xa;Reason:&#xa;com.kms.katalon.core.exception.StepFailedException: Unable to set encrypted text for object 'Object Repository/03 - AI-Generated - KAI/AI-Generated/Katalian Banking Production/Page_login/input_accessCode'&#xa;	at com.kms.katalon.core.webui.keyword.internal.WebUIKeywordMain.stepFailed(WebUIKeywordMain.groovy:177)&#xa;	at com.kms.katalon.core.webui.keyword.internal.WebUIKeywordMain.runKeyword(WebUIKeywordMain.groovy:49)&#xa;	at com.kms.katalon.core.webui.keyword.internal.WebUIKeywordMain.runKeywordUntilTimeout(WebUIKeywordMain.groovy:133)&#xa;	at com.kms.katalon.core.webui.keyword.builtin.SetEncryptedTextKeyword.setEncryptedText(SetEncryptedTextKeyword.groovy:88)&#xa;	at com.kms.katalon.core.webui.keyword.builtin.SetEncryptedTextKeyword.execute(SetEncryptedTextKeyword.groovy:48)&#xa;	at com.kms.katalon.core.keyword.internal.KeywordExecutor.executeKeywordForPlatform(KeywordExecutor.groovy:104)&#xa;	at com.kms.katalon.core.webui.keyword.WebUiBuiltInKeywords.setEncryptedText(WebUiBuiltInKeywords.groovy:1113)&#xa;	at TC01 - Login with Valid Credentials.run(TC01 - Login with Valid Credentials:20)&#xa;	at com.kms.katalon.core.main.ScriptEngine.run(ScriptEngine.java:203)&#xa;	at com.kms.katalon.core.main.ScriptEngine.runScriptAsRawText(ScriptEngine.java:115)&#xa;	at com.kms.katalon.core.main.TestCaseExecutor.runScript(TestCaseExecutor.java:506)&#xa;	at com.kms.katalon.core.main.TestCaseExecutor.doExecute(TestCaseExecutor.java:497)&#xa;	at com.kms.katalon.core.main.TestCaseExecutor.processExecutionPhase(TestCaseExecutor.java:476)&#xa;	at com.kms.katalon.core.main.TestCaseExecutor.accessMainPhase(TestCaseExecutor.java:468)&#xa;	at com.kms.katalon.core.main.TestCaseExecutor.execute(TestCaseExecutor.java:334)&#xa;	at com.kms.katalon.core.common.CommonExecutor.accessTestCaseMainPhase(CommonExecutor.java:71)&#xa;	at com.kms.katalon.core.main.TestSuiteExecutor.accessTestSuiteMainPhase(TestSuiteExecutor.java:153)&#xa;	at com.kms.katalon.core.main.TestSuiteExecutor.execute(TestSuiteExecutor.java:110)&#xa;	at com.kms.katalon.core.main.TestCaseMain.startTestSuite(TestCaseMain.java:206)&#xa;	at S0723_0.run(S0723_0.groovy:40)&#xa;	at java.base/jdk.internal.reflect.DirectMethodHandleAccessor.invoke(DirectMethodHandleAccessor.java:103)&#xa;Caused by: java.lang.IllegalArgumentException: Illegal base64 character 3a&#xa;	at com.kms.katalon.util.CryptoUtil.decode(CryptoUtil.java:86)&#xa;	at com.kms.katalon.core.webui.keyword.builtin.SetEncryptedTextKeyword$_setEncryptedText_closure1.doCall(SetEncryptedTextKeyword.groovy:66)&#xa;	at java.base/jdk.internal.reflect.DirectMethodHandleAccessor.invoke(DirectMethodHandleAccessor.java:103)&#xa;	at jdk.proxy2/jdk.proxy2.$Proxy60.execute(Unknown Source)&#xa;	at com.kms.katalon.core.webui.model.SeleniumActionRetryController.performAction(SeleniumActionRetryController.java:96)&#xa;	at com.kms.katalon.core.webui.model.SeleniumActionRetryController.performAction(SeleniumActionRetryController.java:83)&#xa;	at com.kms.katalon.core.webui.keyword.internal.WebUIKeywordMain$_runKeywordUntilTimeout_closure1.doCall(WebUIKeywordMain.groovy:135)&#xa;	at com.kms.katalon.core.webui.keyword.internal.WebUIKeywordMain$_runKeywordUntilTimeout_closure1.call(WebUIKeywordMain.groovy)&#xa;	at com.kms.katalon.core.webui.keyword.internal.WebUIKeywordMain.runKeyword(WebUIKeywordMain.groovy:41)&#xa;	... 19 more&#xa;"/>
         <system-out><![CDATA[23-07-2026T13:40:46 - [TEST_CASE][FAILED] - Test Cases/KPE-Automated/TC01 - Login with Valid Credentials: Test Cases/KPE-Automated/TC01 - Login with Valid Credentials FAILED.
Reason:
com.kms.katalon.core.exception.StepFailedException: Unable to set encrypted text for object 'Object Repository/03 - AI-Generated - KAI/AI-Generated/Katalian Banking Production/Page_login/input_accessCode'
	at com.kms.katalon.core.webui.keyword.internal.WebUIKeywordMain.stepFailed(WebUIKeywordMain.groovy:177)
	at com.kms.katalon.core.webui.keyword.internal.WebUIKeywordMain.runKeyword(WebUIKeywordMain.groovy:49)
	at com.kms.katalon.core.webui.keyword.internal.WebUIKeywordMain.runKeywordUntilTimeout(WebUIKeywordMain.groovy:133)
	at com.kms.katalon.core.webui.keyword.builtin.SetEncryptedTextKeyword.setEncryptedText(SetEncryptedTextKeyword.groovy:88)
	at com.kms.katalon.core.webui.keyword.builtin.SetEncryptedTextKeyword.execute(SetEncryptedTextKeyword.groovy:48)
	at com.kms.katalon.core.keyword.internal.KeywordExecutor.executeKeywordForPlatform(KeywordExecutor.groovy:104)
	at com.kms.katalon.core.webui.keyword.WebUiBuiltInKeywords.setEncryptedText(WebUiBuiltInKeywords.groovy:1113)
	at TC01 - Login with Valid Credentials.run(TC01 - Login with Valid Credentials:20)
	at com.kms.katalon.core.main.ScriptEngine.run(ScriptEngine.java:203)
	at com.kms.katalon.core.main.ScriptEngine.runScriptAsRawText(ScriptEngine.java:115)
	at com.kms.katalon.core.main.TestCaseExecutor.runScript(TestCaseExecutor.java:506)
	at com.kms.katalon.core.main.TestCaseExecutor.doExecute(TestCaseExecutor.java:497)
	at com.kms.katalon.core.main.TestCaseExecutor.processExecutionPhase(TestCaseExecutor.java:476)
	at com.kms.katalon.core.main.TestCaseExecutor.accessMainPhase(TestCaseExecutor.java:468)
	at com.kms.katalon.core.main.TestCaseExecutor.execute(TestCaseExecutor.java:334)
	at com.kms.katalon.core.common.CommonExecutor.accessTestCaseMainPhase(CommonExecutor.java:71)
	at com.kms.katalon.core.main.TestSuiteExecutor.accessTestSuiteMainPhase(TestSuiteExecutor.java:153)
	at com.kms.katalon.core.main.TestSuiteExecutor.execute(TestSuiteExecutor.java:110)
	at com.kms.katalon.core.main.TestCaseMain.startTestSuite(TestCaseMain.java:206)
	at S0723_0.run(S0723_0.groovy:40)
	at java.base/jdk.internal.reflect.DirectMethodHandleAccessor.invoke(DirectMethodHandleAccessor.java:103)
Caused by: java.lang.IllegalArgumentException: Illegal base64 character 3a
	at com.kms.katalon.util.CryptoUtil.decode(CryptoUtil.java:86)
	at com.kms.katalon.core.webui.keyword.builtin.SetEncryptedTextKeyword$_setEncryptedText_closure1.doCall(SetEncryptedTextKeyword.groovy:66)
	at java.base/jdk.internal.reflect.DirectMethodHandleAccessor.invoke(DirectMethodHandleAccessor.java:103)
	at jdk.proxy2/jdk.proxy2.$Proxy60.execute(Unknown Source)
	at com.kms.katalon.core.webui.model.SeleniumActionRetryController.performAction(SeleniumActionRetryController.java:96)
	at com.kms.katalon.core.webui.model.SeleniumActionRetryController.performAction(SeleniumActionRetryController.java:83)
	at com.kms.katalon.core.webui.keyword.internal.WebUIKeywordMain$_runKeywordUntilTimeout_closure1.doCall(WebUIKeywordMain.groovy:135)
	at com.kms.katalon.core.webui.keyword.internal.WebUIKeywordMain$_runKeywordUntilTimeout_closure1.call(WebUIKeywordMain.groovy)
	at com.kms.katalon.core.webui.keyword.internal.WebUIKeywordMain.runKeyword(WebUIKeywordMain.groovy:41)
	... 19 more


23-07-2026T13:40:46 - [TEST_STEP][PASSED] - Start listener action : sampleBeforeTestCase: null

23-07-2026T13:40:46 - [TEST_STEP][PASSED] - println(testCaseContext.getTestCaseId()): null

23-07-2026T13:40:46 - [TEST_STEP][PASSED] - println(testCaseContext.getTestCaseVariables()): null

23-07-2026T13:40:46 - [TEST_STEP][PASSED] - Start setup action : setup: Method 'setup' complete successfully

23-07-2026T13:40:46 - [TEST_STEP][PASSED] - openBrowser(""): Browser is opened with url: ''

23-07-2026T13:40:46 - [MESSAGE][INFO] - Starting 'Chrome (headless)' driver

23-07-2026T13:40:46 - [MESSAGE][INFO] - Action delay is set to 0 milliseconds

23-07-2026T13:40:49 - [MESSAGE][PASSED] - Browser is opened with url: ''

23-07-2026T13:40:49 - [TEST_STEP][PASSED] - setViewPortSize(1541, 929): Viewport is set to new size with width = 1541 and height = 929

23-07-2026T13:40:50 - [MESSAGE][PASSED] - Viewport is set to new size with width = 1541 and height = 929

23-07-2026T13:40:50 - [MESSAGE][PASSED] - Method 'setup' complete successfully

23-07-2026T13:40:50 - [TEST_STEP][PASSED] - TrueTestScripts.navigate("login"): Delayed 3 second(s)

23-07-2026T13:40:51 - [MESSAGE][PASSED] - Navigate to 'https://katalian-banking.vercel.app//login' successfully

23-07-2026T13:40:54 - [MESSAGE][PASSED] - Delayed 3 second(s)

23-07-2026T13:40:54 - [TEST_STEP][PASSED] - setText(findTestObject("03 - AI-Generated - KAI/AI-Generated/Katalian Banking Production/Page_login/input_secureId"), username): Text 'BankingUser123' is set on object 'Object Repository/03 - AI-Generated - KAI/AI-Generated/Katalian Banking Production/Page_login/input_secureId'

23-07-2026T13:40:54 - [MESSAGE][PASSED] - Text 'BankingUser123' is set on object 'Object Repository/03 - AI-Generated - KAI/AI-Generated/Katalian Banking Production/Page_login/input_secureId'

23-07-2026T13:40:54 - [TEST_STEP][FAILED] - setEncryptedText(findTestObject("03 - AI-Generated - KAI/AI-Generated/Katalian Banking Production/Page_login/input_accessCode"), password): Unable to set encrypted text for object 'Object Repository/03 - AI-Generated - KAI/AI-Generated/Katalian Banking Production/Page_login/input_accessCode' (Root cause: com.kms.katalon.core.exception.StepFailedException: Unable to set encrypted text for object 'Object Repository/03 - AI-Generated - KAI/AI-Generated/Katalian Banking Production/Page_login/input_accessCode'
	at com.kms.katalon.core.webui.keyword.internal.WebUIKeywordMain.stepFailed(WebUIKeywordMain.groovy:177)
	at com.kms.katalon.core.webui.keyword.internal.WebUIKeywordMain.runKeyword(WebUIKeywordMain.groovy:49)
	at com.kms.katalon.core.webui.keyword.internal.WebUIKeywordMain.runKeywordUntilTimeout(WebUIKeywordMain.groovy:133)
	at com.kms.katalon.core.webui.keyword.builtin.SetEncryptedTextKeyword.setEncryptedText(SetEncryptedTextKeyword.groovy:88)
	at com.kms.katalon.core.webui.keyword.builtin.SetEncryptedTextKeyword.execute(SetEncryptedTextKeyword.groovy:48)
	at com.kms.katalon.core.keyword.internal.KeywordExecutor.executeKeywordForPlatform(KeywordExecutor.groovy:104)
	at com.kms.katalon.core.webui.keyword.WebUiBuiltInKeywords.setEncryptedText(WebUiBuiltInKeywords.groovy:1113)
	at TC01 - Login with Valid Credentials.run(TC01 - Login with Valid Credentials:20)
	at com.kms.katalon.core.main.ScriptEngine.run(ScriptEngine.java:203)
	at com.kms.katalon.core.main.ScriptEngine.runScriptAsRawText(ScriptEngine.java:115)
	at com.kms.katalon.core.main.TestCaseExecutor.runScript(TestCaseExecutor.java:506)
	at com.kms.katalon.core.main.TestCaseExecutor.doExecute(TestCaseExecutor.java:497)
	at com.kms.katalon.core.main.TestCaseExecutor.processExecutionPhase(TestCaseExecutor.java:476)
	at com.kms.katalon.core.main.TestCaseExecutor.accessMainPhase(TestCaseExecutor.java:468)
	at com.kms.katalon.core.main.TestCaseExecutor.execute(TestCaseExecutor.java:334)
	at com.kms.katalon.core.common.CommonExecutor.accessTestCaseMainPhase(CommonExecutor.java:71)
	at com.kms.katalon.core.main.TestSuiteExecutor.accessTestSuiteMainPhase(TestSuiteExecutor.java:153)
	at com.kms.katalon.core.main.TestSuiteExecutor.execute(TestSuiteExecutor.java:110)
	at com.kms.katalon.core.main.TestCaseMain.startTestSuite(TestCaseMain.java:206)
	at S0723_0.run(S0723_0.groovy:40)
	at java.base/jdk.internal.reflect.DirectMethodHandleAccessor.invoke(DirectMethodHandleAccessor.java:103)
Caused by: java.lang.IllegalArgumentException: Illegal base64 character 3a
	at com.kms.katalon.util.CryptoUtil.decode(CryptoUtil.java:86)
	at com.kms.katalon.core.webui.keyword.builtin.SetEncryptedTextKeyword$_setEncryptedText_closure1.doCall(SetEncryptedTextKeyword.groovy:66)
	at java.base/jdk.internal.reflect.DirectMethodHandleAccessor.invoke(DirectMethodHandleAccessor.java:103)
	at jdk.proxy2/jdk.proxy2.$Proxy60.execute(Unknown Source)
	at com.kms.katalon.core.webui.model.SeleniumActionRetryController.performAction(SeleniumActionRetryController.java:96)
	at com.kms.katalon.core.webui.model.SeleniumActionRetryController.performAction(SeleniumActionRetryController.java:83)
	at com.kms.katalon.core.webui.keyword.internal.WebUIKeywordMain$_runKeywordUntilTimeout_closure1.doCall(WebUIKeywordMain.groovy:135)
	at com.kms.katalon.core.webui.keyword.internal.WebUIKeywordMain$_runKeywordUntilTimeout_closure1.call(WebUIKeywordMain.groovy)
	at com.kms.katalon.core.webui.keyword.internal.WebUIKeywordMain.runKeyword(WebUIKeywordMain.groovy:41)
	at com.kms.katalon.core.webui.keyword.internal.WebUIKeywordMain.runKeywordUntilTimeout(WebUIKeywordMain.groovy:133)
	at com.kms.katalon.core.webui.keyword.builtin.SetEncryptedTextKeyword.setEncryptedText(SetEncryptedTextKeyword.groovy:88)
	at com.kms.katalon.core.webui.keyword.builtin.SetEncryptedTextKeyword.execute(SetEncryptedTextKeyword.groovy:48)
	at com.kms.katalon.core.keyword.internal.KeywordExecutor.executeKeywordForPlatform(KeywordExecutor.groovy:104)
	at com.kms.katalon.core.webui.keyword.WebUiBuiltInKeywords.setEncryptedText(WebUiBuiltInKeywords.groovy:1113)
	at Script1784828142566.run(Script1784828142566.groovy:20)
	... 13 more
)

23-07-2026T13:40:55 - [MESSAGE][FAILED] - Unable to set encrypted text for object 'Object Repository/03 - AI-Generated - KAI/AI-Generated/Katalian Banking Production/Page_login/input_accessCode' (Root cause: com.kms.katalon.core.exception.StepFailedException: Unable to set encrypted text for object 'Object Repository/03 - AI-Generated - KAI/AI-Generated/Katalian Banking Production/Page_login/input_accessCode'
	at com.kms.katalon.core.webui.keyword.internal.WebUIKeywordMain.stepFailed(WebUIKeywordMain.groovy:177)
	at com.kms.katalon.core.webui.keyword.internal.WebUIKeywordMain.runKeyword(WebUIKeywordMain.groovy:49)
	at com.kms.katalon.core.webui.keyword.internal.WebUIKeywordMain.runKeywordUntilTimeout(WebUIKeywordMain.groovy:133)
	at com.kms.katalon.core.webui.keyword.builtin.SetEncryptedTextKeyword.setEncryptedText(SetEncryptedTextKeyword.groovy:88)
	at com.kms.katalon.core.webui.keyword.builtin.SetEncryptedTextKeyword.execute(SetEncryptedTextKeyword.groovy:48)
	at com.kms.katalon.core.keyword.internal.KeywordExecutor.executeKeywordForPlatform(KeywordExecutor.groovy:104)
	at com.kms.katalon.core.webui.keyword.WebUiBuiltInKeywords.setEncryptedText(WebUiBuiltInKeywords.groovy:1113)
	at TC01 - Login with Valid Credentials.run(TC01 - Login with Valid Credentials:20)
	at com.kms.katalon.core.main.ScriptEngine.run(ScriptEngine.java:203)
	at com.kms.katalon.core.main.ScriptEngine.runScriptAsRawText(ScriptEngine.java:115)
	at com.kms.katalon.core.main.TestCaseExecutor.runScript(TestCaseExecutor.java:506)
	at com.kms.katalon.core.main.TestCaseExecutor.doExecute(TestCaseExecutor.java:497)
	at com.kms.katalon.core.main.TestCaseExecutor.processExecutionPhase(TestCaseExecutor.java:476)
	at com.kms.katalon.core.main.TestCaseExecutor.accessMainPhase(TestCaseExecutor.java:468)
	at com.kms.katalon.core.main.TestCaseExecutor.execute(TestCaseExecutor.java:334)
	at com.kms.katalon.core.common.CommonExecutor.accessTestCaseMainPhase(CommonExecutor.java:71)
	at com.kms.katalon.core.main.TestSuiteExecutor.accessTestSuiteMainPhase(TestSuiteExecutor.java:153)
	at com.kms.katalon.core.main.TestSuiteExecutor.execute(TestSuiteExecutor.java:110)
	at com.kms.katalon.core.main.TestCaseMain.startTestSuite(TestCaseMain.java:206)
	at S0723_0.run(S0723_0.groovy:40)
	at java.base/jdk.internal.reflect.DirectMethodHandleAccessor.invoke(DirectMethodHandleAccessor.java:103)
Caused by: java.lang.IllegalArgumentException: Illegal base64 character 3a
	at com.kms.katalon.util.CryptoUtil.decode(CryptoUtil.java:86)
	at com.kms.katalon.core.webui.keyword.builtin.SetEncryptedTextKeyword$_setEncryptedText_closure1.doCall(SetEncryptedTextKeyword.groovy:66)
	at java.base/jdk.internal.reflect.DirectMethodHandleAccessor.invoke(DirectMethodHandleAccessor.java:103)
	at jdk.proxy2/jdk.proxy2.$Proxy60.execute(Unknown Source)
	at com.kms.katalon.core.webui.model.SeleniumActionRetryController.performAction(SeleniumActionRetryController.java:96)
	at com.kms.katalon.core.webui.model.SeleniumActionRetryController.performAction(SeleniumActionRetryController.java:83)
	at com.kms.katalon.core.webui.keyword.internal.WebUIKeywordMain$_runKeywordUntilTimeout_closure1.doCall(WebUIKeywordMain.groovy:135)
	at com.kms.katalon.core.webui.keyword.internal.WebUIKeywordMain$_runKeywordUntilTimeout_closure1.call(WebUIKeywordMain.groovy)
	at com.kms.katalon.core.webui.keyword.internal.WebUIKeywordMain.runKeyword(WebUIKeywordMain.groovy:41)
	at com.kms.katalon.core.webui.keyword.internal.WebUIKeywordMain.runKeywordUntilTimeout(WebUIKeywordMain.groovy:133)
	at com.kms.katalon.core.webui.keyword.builtin.SetEncryptedTextKeyword.setEncryptedText(SetEncryptedTextKeyword.groovy:88)
	at com.kms.katalon.core.webui.keyword.builtin.SetEncryptedTextKeyword.execute(SetEncryptedTextKeyword.groovy:48)
	at com.kms.katalon.core.keyword.internal.KeywordExecutor.executeKeywordForPlatform(KeywordExecutor.groovy:104)
	at com.kms.katalon.core.webui.keyword.WebUiBuiltInKeywords.setEncryptedText(WebUiBuiltInKeywords.groovy:1113)
	at Script1784828142566.run(Script1784828142566.groovy:20)
	... 13 more
)
[[ATTACHMENT|/Users/kevin.jackey/git/Katalian_Banking_2.0_KJ_Copilot/Reports/20260723_134042/KPE-Automated/KPE - Automated Test Suite/20260723_134042/1784828454957.png]]

23-07-2026T13:40:55 - [TEST_STEP][PASSED] - Start tear down : teardown: Method 'teardown' complete successfully

23-07-2026T13:40:55 - [TEST_STEP][PASSED] - closeBrowser(): Browser is closed

23-07-2026T13:40:55 - [MESSAGE][PASSED] - Browser is closed

23-07-2026T13:40:55 - [MESSAGE][PASSED] - Method 'teardown' complete successfully

23-07-2026T13:40:55 - [TEST_STEP][PASSED] - Start listener action : sampleAfterTestCase: null

23-07-2026T13:40:55 - [TEST_STEP][PASSED] - println(testCaseContext.getTestCaseId()): null

23-07-2026T13:40:55 - [TEST_STEP][PASSED] - println(testCaseContext.getTestCaseStatus()): null

23-07-2026T13:40:55 - [TEST_STEP][PASSED] - Video: Video recording for test case 'Test Cases/KPE-Automated/TC01 - Login with Valid Credentials' .

23-07-2026T13:40:55 - [MESSAGE][INFO] - Video recording for test case 'Test Cases/KPE-Automated/TC01 - Login with Valid Credentials' .]]></system-out>
         <system-err><![CDATA[23-07-2026T13:40:46 - [TEST_CASE][FAILED] - Test Cases/KPE-Automated/TC01 - Login with Valid Credentials: Test Cases/KPE-Automated/TC01 - Login with Valid Credentials FAILED.
Reason:
com.kms.katalon.core.exception.StepFailedException: Unable to set encrypted text for object 'Object Repository/03 - AI-Generated - KAI/AI-Generated/Katalian Banking Production/Page_login/input_accessCode'
	at com.kms.katalon.core.webui.keyword.internal.WebUIKeywordMain.stepFailed(WebUIKeywordMain.groovy:177)
	at com.kms.katalon.core.webui.keyword.internal.WebUIKeywordMain.runKeyword(WebUIKeywordMain.groovy:49)
	at com.kms.katalon.core.webui.keyword.internal.WebUIKeywordMain.runKeywordUntilTimeout(WebUIKeywordMain.groovy:133)
	at com.kms.katalon.core.webui.keyword.builtin.SetEncryptedTextKeyword.setEncryptedText(SetEncryptedTextKeyword.groovy:88)
	at com.kms.katalon.core.webui.keyword.builtin.SetEncryptedTextKeyword.execute(SetEncryptedTextKeyword.groovy:48)
	at com.kms.katalon.core.keyword.internal.KeywordExecutor.executeKeywordForPlatform(KeywordExecutor.groovy:104)
	at com.kms.katalon.core.webui.keyword.WebUiBuiltInKeywords.setEncryptedText(WebUiBuiltInKeywords.groovy:1113)
	at TC01 - Login with Valid Credentials.run(TC01 - Login with Valid Credentials:20)
	at com.kms.katalon.core.main.ScriptEngine.run(ScriptEngine.java:203)
	at com.kms.katalon.core.main.ScriptEngine.runScriptAsRawText(ScriptEngine.java:115)
	at com.kms.katalon.core.main.TestCaseExecutor.runScript(TestCaseExecutor.java:506)
	at com.kms.katalon.core.main.TestCaseExecutor.doExecute(TestCaseExecutor.java:497)
	at com.kms.katalon.core.main.TestCaseExecutor.processExecutionPhase(TestCaseExecutor.java:476)
	at com.kms.katalon.core.main.TestCaseExecutor.accessMainPhase(TestCaseExecutor.java:468)
	at com.kms.katalon.core.main.TestCaseExecutor.execute(TestCaseExecutor.java:334)
	at com.kms.katalon.core.common.CommonExecutor.accessTestCaseMainPhase(CommonExecutor.java:71)
	at com.kms.katalon.core.main.TestSuiteExecutor.accessTestSuiteMainPhase(TestSuiteExecutor.java:153)
	at com.kms.katalon.core.main.TestSuiteExecutor.execute(TestSuiteExecutor.java:110)
	at com.kms.katalon.core.main.TestCaseMain.startTestSuite(TestCaseMain.java:206)
	at S0723_0.run(S0723_0.groovy:40)
	at java.base/jdk.internal.reflect.DirectMethodHandleAccessor.invoke(DirectMethodHandleAccessor.java:103)
Caused by: java.lang.IllegalArgumentException: Illegal base64 character 3a
	at com.kms.katalon.util.CryptoUtil.decode(CryptoUtil.java:86)
	at com.kms.katalon.core.webui.keyword.builtin.SetEncryptedTextKeyword$_setEncryptedText_closure1.doCall(SetEncryptedTextKeyword.groovy:66)
	at java.base/jdk.internal.reflect.DirectMethodHandleAccessor.invoke(DirectMethodHandleAccessor.java:103)
	at jdk.proxy2/jdk.proxy2.$Proxy60.execute(Unknown Source)
	at com.kms.katalon.core.webui.model.SeleniumActionRetryController.performAction(SeleniumActionRetryController.java:96)
	at com.kms.katalon.core.webui.model.SeleniumActionRetryController.performAction(SeleniumActionRetryController.java:83)
	at com.kms.katalon.core.webui.keyword.internal.WebUIKeywordMain$_runKeywordUntilTimeout_closure1.doCall(WebUIKeywordMain.groovy:135)
	at com.kms.katalon.core.webui.keyword.internal.WebUIKeywordMain$_runKeywordUntilTimeout_closure1.call(WebUIKeywordMain.groovy)
	at com.kms.katalon.core.webui.keyword.internal.WebUIKeywordMain.runKeyword(WebUIKeywordMain.groovy:41)
	... 19 more]]></system-err>
      </testcase>
      <testcase name="Test Cases/KPE-Automated/TC02 - Login with Invalid Password" time="6.766" classname="Test Cases/KPE-Automated/TC02 - Login with Invalid Password" status="PASSED" tag="GenAI">
         <properties>
            <property name="data_binding"><![CDATA[{"password":"********","username":"BankingUser123"}]]></property>
         </properties>
         <system-out><![CDATA[23-07-2026T13:40:55 - [TEST_CASE][PASSED] - Test Cases/KPE-Automated/TC02 - Login with Invalid Password: Test Cases/KPE-Automated/TC02 - Login with Invalid Password

23-07-2026T13:40:55 - [TEST_STEP][PASSED] - Start listener action : sampleBeforeTestCase: null

23-07-2026T13:40:55 - [TEST_STEP][PASSED] - println(testCaseContext.getTestCaseId()): null

23-07-2026T13:40:55 - [TEST_STEP][PASSED] - println(testCaseContext.getTestCaseVariables()): null

23-07-2026T13:40:55 - [TEST_STEP][PASSED] - Start setup action : setup: Method 'setup' complete successfully

23-07-2026T13:40:55 - [TEST_STEP][PASSED] - openBrowser(""): Browser is opened with url: ''

23-07-2026T13:40:55 - [MESSAGE][INFO] - Starting 'Chrome (headless)' driver

23-07-2026T13:40:55 - [MESSAGE][INFO] - Action delay is set to 0 milliseconds

23-07-2026T13:40:57 - [MESSAGE][PASSED] - Browser is opened with url: ''

23-07-2026T13:40:57 - [TEST_STEP][PASSED] - setViewPortSize(1541, 929): Viewport is set to new size with width = 1541 and height = 929

23-07-2026T13:40:58 - [MESSAGE][PASSED] - Viewport is set to new size with width = 1541 and height = 929

23-07-2026T13:40:58 - [MESSAGE][PASSED] - Method 'setup' complete successfully

23-07-2026T13:40:58 - [TEST_STEP][PASSED] - TrueTestScripts.navigate("login"): Delayed 3 second(s)

23-07-2026T13:40:58 - [MESSAGE][PASSED] - Navigate to 'https://katalian-banking.vercel.app//login' successfully

23-07-2026T13:41:01 - [MESSAGE][PASSED] - Delayed 3 second(s)

23-07-2026T13:41:01 - [TEST_STEP][PASSED] - setText(findTestObject("03 - AI-Generated - KAI/AI-Generated/Katalian Banking Production/Page_login/input_secureId"), username): Text 'BankingUser123' is set on object 'Object Repository/03 - AI-Generated - KAI/AI-Generated/Katalian Banking Production/Page_login/input_secureId'

23-07-2026T13:41:02 - [MESSAGE][PASSED] - Text 'BankingUser123' is set on object 'Object Repository/03 - AI-Generated - KAI/AI-Generated/Katalian Banking Production/Page_login/input_secureId'

23-07-2026T13:41:02 - [TEST_STEP][PASSED] - setText(findTestObject("03 - AI-Generated - KAI/AI-Generated/Katalian Banking Production/Page_login/input_accessCode"), password): Text '••••••••' is set on object 'Object Repository/03 - AI-Generated - KAI/AI-Generated/Katalian Banking Production/Page_login/input_accessCode'

23-07-2026T13:41:02 - [MESSAGE][PASSED] - Text '••••••••' is set on object 'Object Repository/03 - AI-Generated - KAI/AI-Generated/Katalian Banking Production/Page_login/input_accessCode'

23-07-2026T13:41:02 - [TEST_STEP][PASSED] - enhancedClick(findTestObject("03 - AI-Generated - KAI/AI-Generated/Katalian Banking Production/Page_login/button_enterVaultAccess")): Object: 'Object Repository/03 - AI-Generated - KAI/AI-Generated/Katalian Banking Production/Page_login/button_enterVaultAccess' is clicked on

23-07-2026T13:41:02 - [MESSAGE][PASSED] - Object: 'Object Repository/03 - AI-Generated - KAI/AI-Generated/Katalian Banking Production/Page_login/button_enterVaultAccess' is clicked on

23-07-2026T13:41:02 - [TEST_STEP][PASSED] - verifyElementPresent(findTestObject("03 - AI-Generated - KAI/AI-Generated/Katalian Banking Production/Page_login/input_secureId"), 10): Object 'Object Repository/03 - AI-Generated - KAI/AI-Generated/Katalian Banking Production/Page_login/input_secureId' is present

23-07-2026T13:41:02 - [MESSAGE][PASSED] - Object 'Object Repository/03 - AI-Generated - KAI/AI-Generated/Katalian Banking Production/Page_login/input_secureId' is present

23-07-2026T13:41:02 - [TEST_STEP][PASSED] - Start tear down : teardown: Method 'teardown' complete successfully

23-07-2026T13:41:02 - [TEST_STEP][PASSED] - closeBrowser(): Browser is closed

23-07-2026T13:41:02 - [MESSAGE][PASSED] - Browser is closed

23-07-2026T13:41:02 - [MESSAGE][PASSED] - Method 'teardown' complete successfully

23-07-2026T13:41:02 - [TEST_STEP][PASSED] - Start listener action : sampleAfterTestCase: null

23-07-2026T13:41:02 - [TEST_STEP][PASSED] - println(testCaseContext.getTestCaseId()): null

23-07-2026T13:41:02 - [TEST_STEP][PASSED] - println(testCaseContext.getTestCaseStatus()): null

23-07-2026T13:41:02 - [TEST_STEP][PASSED] - Video: Video recording for test case 'Test Cases/KPE-Automated/TC02 - Login with Invalid Password' .

23-07-2026T13:41:02 - [MESSAGE][INFO] - Video recording for test case 'Test Cases/KPE-Automated/TC02 - Login with Invalid Password' .]]></system-out>
         <system-err><![CDATA[]]></system-err>
      </testcase>
      <testcase name="Test Cases/KPE-Automated/TC03 - Login with Empty Credentials" time="6.152" classname="Test Cases/KPE-Automated/TC03 - Login with Empty Credentials" status="PASSED" tag="GenAI">
         <system-out><![CDATA[23-07-2026T13:41:02 - [TEST_CASE][PASSED] - Test Cases/KPE-Automated/TC03 - Login with Empty Credentials: Test Cases/KPE-Automated/TC03 - Login with Empty Credentials

23-07-2026T13:41:02 - [TEST_STEP][PASSED] - Start listener action : sampleBeforeTestCase: null

23-07-2026T13:41:02 - [TEST_STEP][PASSED] - println(testCaseContext.getTestCaseId()): null

23-07-2026T13:41:02 - [TEST_STEP][PASSED] - println(testCaseContext.getTestCaseVariables()): null

23-07-2026T13:41:02 - [TEST_STEP][PASSED] - Start setup action : setup: Method 'setup' complete successfully

23-07-2026T13:41:02 - [TEST_STEP][PASSED] - openBrowser(""): Browser is opened with url: ''

23-07-2026T13:41:02 - [MESSAGE][INFO] - Starting 'Chrome (headless)' driver

23-07-2026T13:41:02 - [MESSAGE][INFO] - Action delay is set to 0 milliseconds

23-07-2026T13:41:04 - [MESSAGE][PASSED] - Browser is opened with url: ''

23-07-2026T13:41:04 - [TEST_STEP][PASSED] - setViewPortSize(1541, 929): Viewport is set to new size with width = 1541 and height = 929

23-07-2026T13:41:04 - [MESSAGE][PASSED] - Viewport is set to new size with width = 1541 and height = 929

23-07-2026T13:41:04 - [MESSAGE][PASSED] - Method 'setup' complete successfully

23-07-2026T13:41:04 - [TEST_STEP][PASSED] - TrueTestScripts.navigate("login"): Delayed 3 second(s)

23-07-2026T13:41:05 - [MESSAGE][PASSED] - Navigate to 'https://katalian-banking.vercel.app//login' successfully

23-07-2026T13:41:08 - [MESSAGE][PASSED] - Delayed 3 second(s)

23-07-2026T13:41:08 - [TEST_STEP][PASSED] - enhancedClick(findTestObject("03 - AI-Generated - KAI/AI-Generated/Katalian Banking Production/Page_login/button_enterVaultAccess")): Object: 'Object Repository/03 - AI-Generated - KAI/AI-Generated/Katalian Banking Production/Page_login/button_enterVaultAccess' is clicked on

23-07-2026T13:41:08 - [MESSAGE][PASSED] - Object: 'Object Repository/03 - AI-Generated - KAI/AI-Generated/Katalian Banking Production/Page_login/button_enterVaultAccess' is clicked on

23-07-2026T13:41:08 - [TEST_STEP][PASSED] - verifyElementPresent(findTestObject("03 - AI-Generated - KAI/AI-Generated/Katalian Banking Production/Page_login/input_secureId"), 10): Object 'Object Repository/03 - AI-Generated - KAI/AI-Generated/Katalian Banking Production/Page_login/input_secureId' is present

23-07-2026T13:41:08 - [MESSAGE][PASSED] - Object 'Object Repository/03 - AI-Generated - KAI/AI-Generated/Katalian Banking Production/Page_login/input_secureId' is present

23-07-2026T13:41:08 - [TEST_STEP][PASSED] - Start tear down : teardown: Method 'teardown' complete successfully

23-07-2026T13:41:08 - [TEST_STEP][PASSED] - closeBrowser(): Browser is closed

23-07-2026T13:41:08 - [MESSAGE][PASSED] - Browser is closed

23-07-2026T13:41:08 - [MESSAGE][PASSED] - Method 'teardown' complete successfully

23-07-2026T13:41:08 - [TEST_STEP][PASSED] - Start listener action : sampleAfterTestCase: null

23-07-2026T13:41:08 - [TEST_STEP][PASSED] - println(testCaseContext.getTestCaseId()): null

23-07-2026T13:41:08 - [TEST_STEP][PASSED] - println(testCaseContext.getTestCaseStatus()): null

23-07-2026T13:41:08 - [TEST_STEP][PASSED] - Video: Video recording for test case 'Test Cases/KPE-Automated/TC03 - Login with Empty Credentials' .

23-07-2026T13:41:08 - [MESSAGE][INFO] - Video recording for test case 'Test Cases/KPE-Automated/TC03 - Login with Empty Credentials' .]]></system-out>
         <system-err><![CDATA[]]></system-err>
      </testcase>
      <system-out><![CDATA[23-07-2026T13:40:46 - [TEST_STEP][PASSED] - Start listener action : sampleBeforeTestSuite: null

23-07-2026T13:40:46 - [TEST_STEP][PASSED] - println(testSuiteContext.getTestSuiteId()): null

23-07-2026T13:40:46 - [TEST_SUITE][FAILED] - KPE - Automated Test Suite: null

23-07-2026T13:41:08 - [TEST_STEP][PASSED] - Start listener action : sampleAfterTestSuite: null

23-07-2026T13:41:08 - [TEST_STEP][PASSED] - println(testSuiteContext.getTestSuiteId()): null]]></system-out>
      <system-err><![CDATA[23-07-2026T13:40:46 - [TEST_SUITE][FAILED] - KPE - Automated Test Suite: null]]></system-err>
   </testsuite>
</testsuites>
