<?xml version="1.0" encoding="UTF-8"?>
<testsuites name="Demo Test Suite 1" time="32.371" tests="1" failures="0" errors="0">
   <testsuite name="Demo Test Suite 1" tests="1" failures="0" errors="0" time="32.371" skipped="0" timestamp="2026-02-13T20:37:19.100Z" hostname="kevin.jackey - 192.168.1.222" id="Test Suites/Demo/Demo Test Suite 1">
      <properties>
[...]
</properties>
      <testcase name="Test Cases/Self Healing_Data Binding Demonstration/Login - Working Script" time="31.746" classname="84cf70af-4e82-4acd-8666-4a2ca1625bdc" status="PASSED">
         <properties>
            <property name="data_binding"><![CDATA[{"(Default) usern...":"bankinguser123","(Default) passw...":"notapassword@123"}]]></property>
         </properties>
         <system-out><![CDATA[13-02-2026T15:37:19 - [TEST_CASE][PASSED] - Test Cases/Self Healing_Data Binding Demonstration/Login - Working Script: Test Cases/Self Healing_Data Binding Demonstration/Login - Working Script

13-02-2026T15:37:20 - [TEST_STEP][PASSED] - openBrowser(application_domain): Browser is opened with url: 'null'

13-02-2026T15:37:20 - [MESSAGE][INFO] - User set preference: ['browserName', 'msedge']

13-02-2026T15:37:20 - [MESSAGE][INFO] - User set preference: ['browserVersion', '144']

13-02-2026T15:37:20 - [MESSAGE][INFO] - User set preference: ['platformName', 'windows']

13-02-2026T15:37:20 - [MESSAGE][INFO] - User set preference: ['katalon:options', '{executionMode=queue, metadata={organizationId=2154967, accountId=1509469, channel=kre;v=11.0.0, projectId=3033951}, browserVersionType=, usingTunnel=false}']

13-02-2026T15:37:20 - [MESSAGE][INFO] - Connecting to remote web server 'testcloud.katalon.com/wd/hub' with type 'Selenium'

13-02-2026T15:37:20 - [MESSAGE][INFO] - Action delay is set to 0 milliseconds

13-02-2026T15:37:45 - [MESSAGE][WARNING] - Your browser version or type does not support the BiDirectional WebDriver Protocol which is required for Smart Locator functionality. Please update your browser or switch to a compatible one.

13-02-2026T15:37:45 - [MESSAGE][WARNING] - Your browser version or type does not support the BiDirectional WebDriver Protocol which is required for Smart Locator functionality. Please update your browser or switch to a compatible one.

13-02-2026T15:37:45 - [MESSAGE][WARNING] - Your browser version or type does not support the BiDirectional WebDriver Protocol which is required for Smart Locator functionality. Please update your browser or switch to a compatible one.

13-02-2026T15:37:45 - [MESSAGE][PASSED] - Browser is opened with url: 'null'

13-02-2026T15:37:45 - [TEST_STEP][PASSED] - navigateToUrl("https://katalian-banking.vercel.app/login"): Navigate to 'https://katalian-banking.vercel.app/login' successfully

13-02-2026T15:37:46 - [MESSAGE][PASSED] - Navigate to 'https://katalian-banking.vercel.app/login' successfully

13-02-2026T15:37:46 - [TEST_STEP][PASSED] - setText(findTestObject("Self-Healing Objects/Page_Katalian Bank  Private Wealth Management/input_username"), "bankinguser123"): Text 'bankinguser123' is set on object 'Object Repository/Self-Healing Objects/Page_Katalian Bank  Private Wealth Management/input_username'

13-02-2026T15:37:48 - [MESSAGE][PASSED] - Text 'bankinguser123' is set on object 'Object Repository/Self-Healing Objects/Page_Katalian Bank  Private Wealth Management/input_username'

13-02-2026T15:37:48 - [TEST_STEP][PASSED] - setEncryptedText(findTestObject("Self-Healing Objects/Page_Katalian Bank  Private Wealth Management/input_password"), "CS9RmWxFPRFoMJc95WUBEN4WG8mxfTJo"): Text ****** has been set on object 'Object Repository/Self-Healing Objects/Page_Katalian Bank  Private Wealth Management/input_password'

13-02-2026T15:37:49 - [MESSAGE][PASSED] - Text ****** has been set on object 'Object Repository/Self-Healing Objects/Page_Katalian Bank  Private Wealth Management/input_password'

13-02-2026T15:37:49 - [TEST_STEP][PASSED] - click(findTestObject("Self-Healing Objects/Page_Katalian Bank  Private Wealth Management/button_Enter Vault Access")): Object: 'Object Repository/Self-Healing Objects/Page_Katalian Bank  Private Wealth Management/button_Enter Vault Access' is clicked on

13-02-2026T15:37:50 - [MESSAGE][PASSED] - Object: 'Object Repository/Self-Healing Objects/Page_Katalian Bank  Private Wealth Management/button_Enter Vault Access' is clicked on

13-02-2026T15:37:50 - [TEST_STEP][PASSED] - closeBrowser(): Browser is closed

13-02-2026T15:37:51 - [MESSAGE][PASSED] - Browser is closed]]></system-out>
         <system-err><![CDATA[]]></system-err>
      </testcase>
      <system-out><![CDATA[13-02-2026T15:37:19 - [TEST_SUITE][PASSED] - Demo Test Suite 1: null]]></system-out>
      <system-err><![CDATA[]]></system-err>
   </testsuite>
</testsuites>
